0 info it worked if it ends with ok
1 verbose cli [ 'C:\\Program Files (x86)\\nodejs\\\\node.exe',
1 verbose cli   'C:\\Program Files (x86)\\nodejs\\node_modules\\npm\\bin\\npm-cli.js',
1 verbose cli   'version',
1 verbose cli   'minor' ]
2 info using npm@2.7.4
3 info using node@v0.12.2
4 verbose node symlink C:\Program Files (x86)\nodejs\\node.exe
5 info git [ 'status', '--porcelain' ]
6 verbose version.write data { name: 'angular-multi-check',
6 verbose version.write   version: '0.2.0',
6 verbose version.write   description: 'An angular multi-checkbox directive',
6 verbose version.write   main: 'dist/multi-check.js',
6 verbose version.write   directories: { test: 'test' },
6 verbose version.write   scripts: { test: 'grunt test' },
6 verbose version.write   repository:
6 verbose version.write    { type: 'git',
6 verbose version.write      url: 'https://github.com/ndxbxrme/angular-multi-check.git' },
6 verbose version.write   keywords: [ 'angular', 'checkbox', 'multi', 'directive' ],
6 verbose version.write   author: 'ndxbxrme',
6 verbose version.write   license: 'MIT',
6 verbose version.write   bugs: { url: 'https://github.com/ndxbxrme/angular-multi-check/issues' },
6 verbose version.write   homepage: 'https://github.com/ndxbxrme/angular-multi-check',
6 verbose version.write   devDependencies:
6 verbose version.write    { coffeelint: '^1.11.1',
6 verbose version.write      grunt: '^0.4.5',
6 verbose version.write      'grunt-coffeelint': '0.0.13',
6 verbose version.write      'grunt-contrib-coffee': '^0.13.0',
6 verbose version.write      'grunt-contrib-watch': '^0.6.1',
6 verbose version.write      'load-grunt-tasks': '^3.2.0' } } to package.json
7 info git [ 'add', 'package.json' ]
8 info git [ 'commit', '-m', '0.2.0' ]
9 info git [ 'tag', 'v0.2.0', '-am', '0.2.0' ]
10 error git -c core.longpaths=true tag v0.2.0 -am 0.2.0
11 verbose stack Error: Command failed: git -c core.longpaths=true tag v0.2.0 -am 0.2.0
11 verbose stack fatal: tag 'v0.2.0' already exists
11 verbose stack
11 verbose stack     at ChildProcess.exithandler (child_process.js:751:12)
11 verbose stack     at ChildProcess.emit (events.js:110:17)
11 verbose stack     at maybeClose (child_process.js:1015:16)
11 verbose stack     at Process.ChildProcess._handle.onexit (child_process.js:1087:5)
12 verbose cwd D:\DEV\github\angular-multi-check
13 error Windows_NT 6.1.7601
14 error argv "C:\\Program Files (x86)\\nodejs\\\\node.exe" "C:\\Program Files (x86)\\nodejs\\node_modules\\npm\\bin\\npm-cli.js" "version" "minor"
15 error node v0.12.2
16 error npm  v2.7.4
17 error code 128
18 error Command failed: git -c core.longpaths=true tag v0.2.0 -am 0.2.0
18 error fatal: tag 'v0.2.0' already exists
19 error If you need help, you may report this error at:
19 error     <https://github.com/npm/npm/issues>
20 verbose exit [ 1, true ]
